#
# There is insufficient memory for the Java Runtime Environment to continue.
# Native memory allocation (mmap) failed to map 33554432 bytes for G1 virtual space
# Possible reasons:
#   The system is out of physical RAM or swap space
#   The process is running with CompressedOops enabled, and the Java Heap may be blocking the growth of the native heap
# Possible solutions:
#   Reduce memory load on the system
#   Increase physical memory or swap space
#   Check if swap backing store is full
#   Decrease Java heap size (-Xmx/-Xms)
#   Decrease number of Java threads
#   Decrease Java thread stack sizes (-Xss)
#   Set larger code cache with -XX:ReservedCodeCacheSize=
#   JVM is running with Unscaled Compressed Oops mode in which the Java heap is
#     placed in the first 4GB address space. The Java Heap base address is the
#     maximum limit for the native heap growth. Please use -XX:HeapBaseMinAddress
#     to set the Java Heap base and to place the Java Heap above 4GB virtual address.
# This output file may be truncated or incomplete.
#
#  Out of Memory Error (os_windows.cpp:3600), pid=15528, tid=13984
#
# JRE version: Java(TM) SE Runtime Environment (21.0.4+8) (build 21.0.4+8-LTS-274)
# Java VM: Java HotSpot(TM) 64-Bit Server VM (21.0.4+8-LTS-274, mixed mode, sharing, tiered, compressed oops, compressed class ptrs, g1 gc, windows-amd64)
# No core dump will be written. Minidumps are not enabled by default on client versions of Windows
#

---------------  S U M M A R Y ------------

Command Line: -Dfile.encoding=UTF-8 --module-path=C:\Users\Inspiron 3501\OneDrive\Documents\NetBeansProjects\Travel Management System\build\classes travel.management.system.Splash

Host: 11th Gen Intel(R) Core(TM) i3-1115G4 @ 3.00GHz, 4 cores, 3G,  Windows 11 , 64 bit Build 26100 (10.0.26100.2454)
Time: Fri Jan 31 20:33:28 2025 India Standard Time elapsed time: 2.096509 seconds (0d 0h 0m 2s)

---------------  T H R E A D  ---------------

Current thread (0x0000027eacf2a260):  VMThread "VM Thread"          [id=13984, stack(0x000000a521d00000,0x000000a521e00000) (1024K)]

Stack: [0x000000a521d00000,0x000000a521e00000]
Native frames: (J=compiled Java code, j=interpreted, Vv=VM code, C=native code)
V  [jvm.dll+0x6c8e59]
V  [jvm.dll+0x853181]
V  [jvm.dll+0x8556ae]
V  [jvm.dll+0x855d83]
V  [jvm.dll+0x27d526]
V  [jvm.dll+0x6c55f5]
V  [jvm.dll+0x6ba17a]
V  [jvm.dll+0x352a8a]
V  [jvm.dll+0x35a6e6]
V  [jvm.dll+0x3acdae]
V  [jvm.dll+0x3ad058]
V  [jvm.dll+0x326dec]
V  [jvm.dll+0x326e77]
V  [jvm.dll+0x36b75c]
V  [jvm.dll+0x369fae]
V  [jvm.dll+0x3265b1]
V  [jvm.dll+0x3699e8]
V  [jvm.dll+0x85bb50]
V  [jvm.dll+0x85ced4]
V  [jvm.dll+0x85d410]
V  [jvm.dll+0x85d6b3]
V  [jvm.dll+0x7fd65b]
V  [jvm.dll+0x6c753d]
C  [ucrtbase.dll+0x14ea0]
C  [KERNEL32.DLL+0x2e8d7]
C  [ntdll.dll+0xdfbcc]

VM_Operation (0x000000a5230fda78): G1TryInitiateConcMark, mode: safepoint, requested by thread 0x0000027f104a7670


---------------  P R O C E S S  ---------------

Threads class SMR info:
_java_thread_list=0x0000027f104b9790, length=17, elements={
0x0000027eace68da0, 0x0000027ec996b100, 0x0000027ec996c4e0, 0x0000027ec996f040,
0x0000027ec99727b0, 0x0000027ec9972e40, 0x0000027ec99741f0, 0x0000027ec9988140,
0x0000027ec998e4b0, 0x0000027ec9971a90, 0x0000027ec99734d0, 0x0000027ec9972120,
0x0000027ec9973b60, 0x0000027ec9974880, 0x0000027ec9974f10, 0x0000027f104a8a20,
0x0000027f104a7670
}

Java Threads: ( => current thread )
  0x0000027eace68da0 JavaThread "main"                              [_thread_blocked, id=15216, stack(0x000000a521600000,0x000000a521700000) (1024K)]
  0x0000027ec996b100 JavaThread "Reference Handler"          daemon [_thread_blocked, id=12156, stack(0x000000a521e00000,0x000000a521f00000) (1024K)]
  0x0000027ec996c4e0 JavaThread "Finalizer"                  daemon [_thread_blocked, id=6948, stack(0x000000a521f00000,0x000000a522000000) (1024K)]
  0x0000027ec996f040 JavaThread "Signal Dispatcher"          daemon [_thread_blocked, id=20656, stack(0x000000a522000000,0x000000a522100000) (1024K)]
  0x0000027ec99727b0 JavaThread "Attach Listener"            daemon [_thread_blocked, id=13364, stack(0x000000a522100000,0x000000a522200000) (1024K)]
  0x0000027ec9972e40 JavaThread "Service Thread"             daemon [_thread_blocked, id=14256, stack(0x000000a522200000,0x000000a522300000) (1024K)]
  0x0000027ec99741f0 JavaThread "Monitor Deflation Thread"   daemon [_thread_blocked, id=10060, stack(0x000000a522300000,0x000000a522400000) (1024K)]
  0x0000027ec9988140 JavaThread "C2 CompilerThread0"         daemon [_thread_blocked, id=18648, stack(0x000000a522400000,0x000000a522500000) (1024K)]
  0x0000027ec998e4b0 JavaThread "C1 CompilerThread0"         daemon [_thread_blocked, id=7544, stack(0x000000a522500000,0x000000a522600000) (1024K)]
  0x0000027ec9971a90 JavaThread "Common-Cleaner"             daemon [_thread_blocked, id=5612, stack(0x000000a522600000,0x000000a522700000) (1024K)]
  0x0000027ec99734d0 JavaThread "Notification Thread"        daemon [_thread_blocked, id=3780, stack(0x000000a522700000,0x000000a522800000) (1024K)]
  0x0000027ec9972120 JavaThread "Java2D Disposer"            daemon [_thread_blocked, id=4652, stack(0x000000a522800000,0x000000a522900000) (1024K)]
  0x0000027ec9973b60 JavaThread "AWT-Shutdown"                      [_thread_blocked, id=5260, stack(0x000000a522900000,0x000000a522a00000) (1024K)]
  0x0000027ec9974880 JavaThread "AWT-Windows"                daemon [_thread_blocked, id=14932, stack(0x000000a522a00000,0x000000a522b00000) (1024K)]
  0x0000027ec9974f10 JavaThread "Image Fetcher 0"            daemon [_thread_blocked, id=2412, stack(0x000000a522b00000,0x000000a522c00000) (1024K)]
  0x0000027f104a8a20 JavaThread "Thread-0"                          [_thread_blocked, id=524, stack(0x000000a522f00000,0x000000a523000000) (1024K)]
  0x0000027f104a7670 JavaThread "AWT-EventQueue-0"                  [_thread_blocked, id=9916, stack(0x000000a523000000,0x000000a523100000) (1024K)]
Total: 17

Other Threads:
=>0x0000027eacf2a260 VMThread "VM Thread"                           [id=13984, stack(0x000000a521d00000,0x000000a521e00000) (1024K)]
  0x0000027ec994d680 WatcherThread "VM Periodic Task Thread"        [id=12800, stack(0x000000a521c00000,0x000000a521d00000) (1024K)]
  0x0000027eace9a160 WorkerThread "GC Thread#0"                     [id=3140, stack(0x000000a521700000,0x000000a521800000) (1024K)]
  0x0000027ec9ea8ad0 WorkerThread "GC Thread#1"                     [id=15092, stack(0x000000a522c00000,0x000000a522d00000) (1024K)]
  0x0000027ec9ea8e70 WorkerThread "GC Thread#2"                     [id=17988, stack(0x000000a522d00000,0x000000a522e00000) (1024K)]
  0x0000027ec9ea9210 WorkerThread "GC Thread#3"                     [id=4064, stack(0x000000a522e00000,0x000000a522f00000) (1024K)]
  0x0000027eacea2bd0 ConcurrentGCThread "G1 Main Marker"            [id=2988, stack(0x000000a521800000,0x000000a521900000) (1024K)]
  0x0000027eacea50f0 WorkerThread "G1 Conc#0"                       [id=17836, stack(0x000000a521900000,0x000000a521a00000) (1024K)]
  0x0000027eacf054e0 ConcurrentGCThread "G1 Refine#0"               [id=9232, stack(0x000000a521a00000,0x000000a521b00000) (1024K)]
  0x0000027eacf05b00 ConcurrentGCThread "G1 Service"                [id=7352, stack(0x000000a521b00000,0x000000a521c00000) (1024K)]
Total: 10

Threads with active compile tasks:
Total: 0

VM state: at safepoint (normal execution)

VM Mutex/Monitor currently owned by a thread:  ([mutex/lock_event])
[0x00007ffb5f687e98] Threads_lock - owner thread: 0x0000027eacf2a260
[0x00007ffb5f687f98] Heap_lock - owner thread: 0x0000027f104a7670

Heap address: 0x00000000c4400000, size: 956 MB, Compressed Oops mode: 32-bit

CDS archive(s) mapped at: [0x0000027eca000000-0x0000027ecac90000-0x0000027ecac90000), size 13172736, SharedBaseAddress: 0x0000027eca000000, ArchiveRelocationMode: 1.
Compressed class space mapped at: 0x0000027ecb000000-0x0000027f0b000000, reserved size: 1073741824
Narrow klass base: 0x0000027eca000000, Narrow klass shift: 0, Narrow klass range: 0x100000000

GC Precious Log:
 CardTable entry size: 512
 Card Set container configuration: InlinePtr #cards 5 size 8 Array Of Cards #cards 12 size 40 Howl #buckets 4 coarsen threshold 1843 Howl Bitmap #cards 512 size 80 coarsen threshold 460 Card regions per heap region 1 cards per card region 2048
 CPUs: 4 total, 4 available
 Memory: 3818M
 Large Page Support: Disabled
 NUMA Support: Disabled
 Compressed Oops: Enabled (32-bit)
 Heap Region Size: 1M
 Heap Min Capacity: 8M
 Heap Initial Capacity: 60M
 Heap Max Capacity: 956M
 Pre-touch: Disabled
 Parallel Workers: 4
 Concurrent Workers: 1
 Concurrent Refinement Workers: 4
 Periodic GC: Disabled

Heap:
 garbage-first heap   total 61440K, used 25476K [0x00000000c4400000, 0x0000000100000000)
  region size 1024K, 1 young (1024K), 1 survivors (1024K)
 Metaspace       used 7082K, committed 7232K, reserved 1114112K
  class space    used 732K, committed 832K, reserved 1048576K

Heap Regions: E=young(eden), S=young(survivor), O=old, HS=humongous(starts), HC=humongous(continues), CS=collection set, F=free, TAMS=top-at-mark-start, PB=parsable bottom
|   0|0x00000000c4400000, 0x00000000c4500000, 0x00000000c4500000|100%|HS|  |TAMS 0x00000000c4500000| PB 0x00000000c4400000| Complete 
|   1|0x00000000c4500000, 0x00000000c4600000, 0x00000000c4600000|100%|HC|  |TAMS 0x00000000c4600000| PB 0x00000000c4500000| Complete 
|   2|0x00000000c4600000, 0x00000000c4700000, 0x00000000c4700000|100%|HC|  |TAMS 0x00000000c4700000| PB 0x00000000c4600000| Complete 
|   3|0x00000000c4700000, 0x00000000c4800000, 0x00000000c4800000|100%|HC|  |TAMS 0x00000000c4800000| PB 0x00000000c4700000| Complete 
|   4|0x00000000c4800000, 0x00000000c4900000, 0x00000000c4900000|100%|HC|  |TAMS 0x00000000c4900000| PB 0x00000000c4800000| Complete 
|   5|0x00000000c4900000, 0x00000000c4a00000, 0x00000000c4a00000|100%|HC|  |TAMS 0x00000000c4a00000| PB 0x00000000c4900000| Complete 
|   6|0x00000000c4a00000, 0x00000000c4b00000, 0x00000000c4b00000|100%|HC|  |TAMS 0x00000000c4b00000| PB 0x00000000c4a00000| Complete 
|   7|0x00000000c4b00000, 0x00000000c4c00000, 0x00000000c4c00000|100%|HC|  |TAMS 0x00000000c4c00000| PB 0x00000000c4b00000| Complete 
|   8|0x00000000c4c00000, 0x00000000c4d00000, 0x00000000c4d00000|100%|HC|  |TAMS 0x00000000c4d00000| PB 0x00000000c4c00000| Complete 
|   9|0x00000000c4d00000, 0x00000000c4e00000, 0x00000000c4e00000|100%| O|  |TAMS 0x00000000c4e00000| PB 0x00000000c4d00000| Untracked 
|  10|0x00000000c4e00000, 0x00000000c4f00000, 0x00000000c4f00000|100%|HS|  |TAMS 0x00000000c4f00000| PB 0x00000000c4e00000| Complete 
|  11|0x00000000c4f00000, 0x00000000c5000000, 0x00000000c5000000|100%|HC|  |TAMS 0x00000000c5000000| PB 0x00000000c4f00000| Complete 
|  12|0x00000000c5000000, 0x00000000c5100000, 0x00000000c5100000|100%|HC|  |TAMS 0x00000000c5100000| PB 0x00000000c5000000| Complete 
|  13|0x00000000c5100000, 0x00000000c5200000, 0x00000000c5200000|100%|HS|  |TAMS 0x00000000c5200000| PB 0x00000000c5100000| Complete 
|  14|0x00000000c5200000, 0x00000000c5300000, 0x00000000c5300000|100%|HC|  |TAMS 0x00000000c5300000| PB 0x00000000c5200000| Complete 
|  15|0x00000000c5300000, 0x00000000c5400000, 0x00000000c5400000|100%|HS|  |TAMS 0x00000000c5400000| PB 0x00000000c5300000| Complete 
|  16|0x00000000c5400000, 0x00000000c5500000, 0x00000000c5500000|100%|HC|  |TAMS 0x00000000c5500000| PB 0x00000000c5400000| Complete 
|  17|0x00000000c5500000, 0x00000000c5600000, 0x00000000c5600000|100%|HS|  |TAMS 0x00000000c5600000| PB 0x00000000c5500000| Complete 
|  18|0x00000000c5600000, 0x00000000c5700000, 0x00000000c5700000|100%|HC|  |TAMS 0x00000000c5700000| PB 0x00000000c5600000| Complete 
|  19|0x00000000c5700000, 0x00000000c5700000, 0x00000000c5800000|  0%| F|  |TAMS 0x00000000c5700000| PB 0x00000000c5700000| Untracked 
|  20|0x00000000c5800000, 0x00000000c5800000, 0x00000000c5900000|  0%| F|  |TAMS 0x00000000c5800000| PB 0x00000000c5800000| Untracked 
|  21|0x00000000c5900000, 0x00000000c5a00000, 0x00000000c5a00000|100%|HS|  |TAMS 0x00000000c5a00000| PB 0x00000000c5900000| Complete 
|  22|0x00000000c5a00000, 0x00000000c5b00000, 0x00000000c5b00000|100%|HC|  |TAMS 0x00000000c5b00000| PB 0x00000000c5a00000| Complete 
|  23|0x00000000c5b00000, 0x00000000c5c00000, 0x00000000c5c00000|100%|HS|  |TAMS 0x00000000c5c00000| PB 0x00000000c5b00000| Complete 
|  24|0x00000000c5c00000, 0x00000000c5d00000, 0x00000000c5d00000|100%|HC|  |TAMS 0x00000000c5d00000| PB 0x00000000c5c00000| Complete 
|  25|0x00000000c5d00000, 0x00000000c5d00000, 0x00000000c5e00000|  0%| F|  |TAMS 0x00000000c5d00000| PB 0x00000000c5d00000| Untracked 
|  26|0x00000000c5e00000, 0x00000000c5e00000, 0x00000000c5f00000|  0%| F|  |TAMS 0x00000000c5e00000| PB 0x00000000c5e00000| Untracked 
|  27|0x00000000c5f00000, 0x00000000c6000000, 0x00000000c6000000|100%| O|  |TAMS 0x00000000c6000000| PB 0x00000000c5f00000| Untracked 
|  28|0x00000000c6000000, 0x00000000c6091400, 0x00000000c6100000| 56%| O|  |TAMS 0x00000000c6091400| PB 0x00000000c6000000| Untracked 
|  29|0x00000000c6100000, 0x00000000c6100000, 0x00000000c6200000|  0%| F|  |TAMS 0x00000000c6100000| PB 0x00000000c6100000| Untracked 
|  30|0x00000000c6200000, 0x00000000c6200000, 0x00000000c6300000|  0%| F|  |TAMS 0x00000000c6200000| PB 0x00000000c6200000| Untracked 
|  31|0x00000000c6300000, 0x00000000c6300000, 0x00000000c6400000|  0%| F|  |TAMS 0x00000000c6300000| PB 0x00000000c6300000| Untracked 
|  32|0x00000000c6400000, 0x00000000c6400000, 0x00000000c6500000|  0%| F|  |TAMS 0x00000000c6400000| PB 0x00000000c6400000| Untracked 
|  33|0x00000000c6500000, 0x00000000c6500000, 0x00000000c6600000|  0%| F|  |TAMS 0x00000000c6500000| PB 0x00000000c6500000| Untracked 
|  34|0x00000000c6600000, 0x00000000c6600000, 0x00000000c6700000|  0%| F|  |TAMS 0x00000000c6600000| PB 0x00000000c6600000| Untracked 
|  35|0x00000000c6700000, 0x00000000c6700000, 0x00000000c6800000|  0%| F|  |TAMS 0x00000000c6700000| PB 0x00000000c6700000| Untracked 
|  36|0x00000000c6800000, 0x00000000c6800000, 0x00000000c6900000|  0%| F|  |TAMS 0x00000000c6800000| PB 0x00000000c6800000| Untracked 
|  37|0x00000000c6900000, 0x00000000c6900000, 0x00000000c6a00000|  0%| F|  |TAMS 0x00000000c6900000| PB 0x00000000c6900000| Untracked 
|  38|0x00000000c6a00000, 0x00000000c6a00000, 0x00000000c6b00000|  0%| F|  |TAMS 0x00000000c6a00000| PB 0x00000000c6a00000| Untracked 
|  39|0x00000000c6b00000, 0x00000000c6b00000, 0x00000000c6c00000|  0%| F|  |TAMS 0x00000000c6b00000| PB 0x00000000c6b00000| Untracked 
|  40|0x00000000c6c00000, 0x00000000c6c00000, 0x00000000c6d00000|  0%| F|  |TAMS 0x00000000c6c00000| PB 0x00000000c6c00000| Untracked 
|  41|0x00000000c6d00000, 0x00000000c6d00000, 0x00000000c6e00000|  0%| F|  |TAMS 0x00000000c6d00000| PB 0x00000000c6d00000| Untracked 
|  42|0x00000000c6e00000, 0x00000000c6e00000, 0x00000000c6f00000|  0%| F|  |TAMS 0x00000000c6e00000| PB 0x00000000c6e00000| Untracked 
|  43|0x00000000c6f00000, 0x00000000c6f00000, 0x00000000c7000000|  0%| F|  |TAMS 0x00000000c6f00000| PB 0x00000000c6f00000| Untracked 
|  44|0x00000000c7000000, 0x00000000c7000000, 0x00000000c7100000|  0%| F|  |TAMS 0x00000000c7000000| PB 0x00000000c7000000| Untracked 
|  45|0x00000000c7100000, 0x00000000c7100000, 0x00000000c7200000|  0%| F|  |TAMS 0x00000000c7100000| PB 0x00000000c7100000| Untracked 
|  46|0x00000000c7200000, 0x00000000c7200000, 0x00000000c7300000|  0%| F|  |TAMS 0x00000000c7200000| PB 0x00000000c7200000| Untracked 
|  47|0x00000000c7300000, 0x00000000c7300000, 0x00000000c7400000|  0%| F|  |TAMS 0x00000000c7300000| PB 0x00000000c7300000| Untracked 
|  48|0x00000000c7400000, 0x00000000c7400000, 0x00000000c7500000|  0%| F|  |TAMS 0x00000000c7400000| PB 0x00000000c7400000| Untracked 
|  49|0x00000000c7500000, 0x00000000c7500000, 0x00000000c7600000|  0%| F|  |TAMS 0x00000000c7500000| PB 0x00000000c7500000| Untracked 
|  50|0x00000000c7600000, 0x00000000c7600000, 0x00000000c7700000|  0%| F|  |TAMS 0x00000000c7600000| PB 0x00000000c7600000| Untracked 
|  51|0x00000000c7700000, 0x00000000c7700000, 0x00000000c7800000|  0%| F|  |TAMS 0x00000000c7700000| PB 0x00000000c7700000| Untracked 
|  52|0x00000000c7800000, 0x00000000c7800000, 0x00000000c7900000|  0%| F|  |TAMS 0x00000000c7800000| PB 0x00000000c7800000| Untracked 
|  53|0x00000000c7900000, 0x00000000c7900000, 0x00000000c7a00000|  0%| F|  |TAMS 0x00000000c7900000| PB 0x00000000c7900000| Untracked 
|  54|0x00000000c7a00000, 0x00000000c7a00000, 0x00000000c7b00000|  0%| F|  |TAMS 0x00000000c7a00000| PB 0x00000000c7a00000| Untracked 
|  55|0x00000000c7b00000, 0x00000000c7b00000, 0x00000000c7c00000|  0%| F|  |TAMS 0x00000000c7b00000| PB 0x00000000c7b00000| Untracked 
|  56|0x00000000c7c00000, 0x00000000c7c00000, 0x00000000c7d00000|  0%| F|  |TAMS 0x00000000c7c00000| PB 0x00000000c7c00000| Untracked 
|  57|0x00000000c7d00000, 0x00000000c7d4fea0, 0x00000000c7e00000| 31%| S|CS|TAMS 0x00000000c7d00000| PB 0x00000000c7d00000| Complete 
|  58|0x00000000c7e00000, 0x00000000c7e00000, 0x00000000c7f00000|  0%| F|  |TAMS 0x00000000c7e00000| PB 0x00000000c7e00000| Untracked 
|  59|0x00000000c7f00000, 0x00000000c7f00000, 0x00000000c8000000|  0%| F|  |TAMS 0x00000000c7f00000| PB 0x00000000c7f00000| Untracked 

Card table byte_map: [0x0000027ec6310000,0x0000027ec64f0000] _byte_map_base: 0x0000027ec5cee000

Marking Bits: (CMBitMap*) 0x0000027eace9a860
 Bits: [0x0000027ec64f0000, 0x0000027ec73e0000)

Polling page: 0x0000027eacf30000

Metaspace:

Usage:
  Non-class:      6.20 MB used.
      Class:    732.12 KB used.
       Both:      6.92 MB used.

Virtual space:
  Non-class space:       64.00 MB reserved,       6.25 MB ( 10%) committed,  1 nodes.
      Class space:        1.00 GB reserved,     832.00 KB ( <1%) committed,  1 nodes.
             Both:        1.06 GB reserved,       7.06 MB ( <1%) committed. 

Chunk freelists:
   Non-Class:  9.00 MB
       Class:  15.23 MB
        Both:  24.23 MB

MaxMetaspaceSize: unlimited
CompressedClassSpaceSize: 1.00 GB
Initial GC threshold: 21.00 MB
Current GC threshold: 21.00 MB
CDS: on
 - commit_granule_bytes: 65536.
 - commit_granule_words: 8192.
 - virtual_space_node_default_size: 8388608.
 - enlarge_chunks_in_place: 1.
 - use_allocation_guard: 0.


Internal statistics:

num_allocs_failed_limit: 0.
num_arena_births: 152.
num_arena_deaths: 0.
num_vsnodes_births: 2.
num_vsnodes_deaths: 0.
num_space_committed: 113.
num_space_uncommitted: 0.
num_chunks_returned_to_freelist: 0.
num_chunks_taken_from_freelist: 192.
num_chunk_merges: 0.
num_chunk_splits: 111.
num_chunks_enlarged: 42.
num_inconsistent_stats: 0.

CodeHeap 'non-profiled nmethods': size=120000Kb used=330Kb max_used=330Kb free=119669Kb
 bounds [0x0000027ebe7c0000, 0x0000027ebea30000, 0x0000027ec5cf0000]
CodeHeap 'profiled nmethods': size=120000Kb used=1765Kb max_used=1765Kb free=118234Kb
 bounds [0x0000027eb6cf0000, 0x0000027eb6f60000, 0x0000027ebe220000]
CodeHeap 'non-nmethods': size=5760Kb used=1708Kb max_used=1723Kb free=4051Kb
 bounds [0x0000027ebe220000, 0x0000027ebe490000, 0x0000027ebe7c0000]
 total_blobs=1757 nmethods=1152 adapters=510
 compilation: enabled
              stopped_count=0, restarted_count=0
 full_count=0

Compilation events (20 events):
Event: 1.908 Thread 0x0000027ec998e4b0 1143       1       javax.swing.JLabel::getText (5 bytes)
Event: 1.908 Thread 0x0000027ec998e4b0 nmethod 1143 0x0000027ebe811d90 code [0x0000027ebe811f20, 0x0000027ebe811ff0]
Event: 1.908 Thread 0x0000027ec998e4b0 1144       3       java.util.ArrayList$Itr::checkForComodification (23 bytes)
Event: 1.908 Thread 0x0000027ec998e4b0 nmethod 1144 0x0000027eb6ea7510 code [0x0000027eb6ea76c0, 0x0000027eb6ea7890]
Event: 1.909 Thread 0x0000027ec998e4b0 1145       1       sun.awt.image.SunVolatileImage::getGraphicsConfig (5 bytes)
Event: 1.909 Thread 0x0000027ec998e4b0 nmethod 1145 0x0000027ebe812090 code [0x0000027ebe812220, 0x0000027ebe8122e8]
Event: 1.909 Thread 0x0000027ec998e4b0 1146       3       sun.java2d.SunGraphics2D::validatePipe (30 bytes)
Event: 1.909 Thread 0x0000027ec998e4b0 nmethod 1146 0x0000027eb6ea7990 code [0x0000027eb6ea7b60, 0x0000027eb6ea7e48]
Event: 1.909 Thread 0x0000027ec998e4b0 1147       3       sun.java2d.pipe.ValidatePipe::validate (6 bytes)
Event: 1.910 Thread 0x0000027ec998e4b0 nmethod 1147 0x0000027eb6ea7f90 code [0x0000027eb6ea8160, 0x0000027eb6ea84a8]
Event: 1.910 Thread 0x0000027ec998e4b0 1148       1       javax.swing.JLabel::getIcon (5 bytes)
Event: 1.910 Thread 0x0000027ec998e4b0 nmethod 1148 0x0000027ebe812390 code [0x0000027ebe812520, 0x0000027ebe8125f0]
Event: 1.910 Thread 0x0000027ec998e4b0 1149       1       java.awt.image.ColorModel::getTransparency (5 bytes)
Event: 1.910 Thread 0x0000027ec998e4b0 nmethod 1149 0x0000027ebe812690 code [0x0000027ebe812820, 0x0000027ebe8128e8]
Event: 1.925 Thread 0x0000027ec998e4b0 1150       3       java.util.ArrayList$Itr::<init> (26 bytes)
Event: 1.926 Thread 0x0000027ec998e4b0 nmethod 1150 0x0000027eb6ea8610 code [0x0000027eb6ea87c0, 0x0000027eb6ea8998]
Event: 1.934 Thread 0x0000027ec998e4b0 1151       3       java.util.ArrayList$Itr::next (66 bytes)
Event: 1.935 Thread 0x0000027ec998e4b0 nmethod 1151 0x0000027eb6ea8a90 code [0x0000027eb6ea8c80, 0x0000027eb6ea9050]
Event: 1.935 Thread 0x0000027ec998e4b0 1152       3       java.util.ArrayList::iterator (9 bytes)
Event: 1.935 Thread 0x0000027ec998e4b0 nmethod 1152 0x0000027eb6ea9210 code [0x0000027eb6ea93c0, 0x0000027eb6ea9658]

GC Heap History (11 events):
Event: 0.737 GC heap before
{Heap before GC invocations=0 (full 0):
 garbage-first heap   total 61440K, used 22528K [0x00000000c4400000, 0x0000000100000000)
  region size 1024K, 13 young (13312K), 0 survivors (0K)
 Metaspace       used 4885K, committed 5120K, reserved 1114112K
  class space    used 494K, committed 640K, reserved 1048576K
}
Event: 0.743 GC heap after
{Heap after GC invocations=1 (full 0):
 garbage-first heap   total 61440K, used 11740K [0x00000000c4400000, 0x0000000100000000)
  region size 1024K, 2 young (2048K), 2 survivors (2048K)
 Metaspace       used 4885K, committed 5120K, reserved 1114112K
  class space    used 494K, committed 640K, reserved 1048576K
}
Event: 1.770 GC heap before
{Heap before GC invocations=1 (full 0):
 garbage-first heap   total 61440K, used 39388K [0x00000000c4400000, 0x0000000100000000)
  region size 1024K, 14 young (14336K), 2 survivors (2048K)
 Metaspace       used 7067K, committed 7232K, reserved 1114112K
  class space    used 730K, committed 832K, reserved 1048576K
}
Event: 1.775 GC heap after
{Heap after GC invocations=2 (full 0):
 garbage-first heap   total 61440K, used 29827K [0x00000000c4400000, 0x0000000100000000)
  region size 1024K, 1 young (1024K), 1 survivors (1024K)
 Metaspace       used 7067K, committed 7232K, reserved 1114112K
  class space    used 730K, committed 832K, reserved 1048576K
}
Event: 1.792 GC heap before
{Heap before GC invocations=3 (full 0):
 garbage-first heap   total 61440K, used 29827K [0x00000000c4400000, 0x0000000100000000)
  region size 1024K, 2 young (2048K), 1 survivors (1024K)
 Metaspace       used 7069K, committed 7232K, reserved 1114112K
  class space    used 730K, committed 832K, reserved 1048576K
}
Event: 1.793 GC heap after
{Heap after GC invocations=4 (full 0):
 garbage-first heap   total 61440K, used 19397K [0x00000000c4400000, 0x0000000100000000)
  region size 1024K, 1 young (1024K), 1 survivors (1024K)
 Metaspace       used 7069K, committed 7232K, reserved 1114112K
  class space    used 730K, committed 832K, reserved 1048576K
}
Event: 1.860 GC heap before
{Heap before GC invocations=4 (full 0):
 garbage-first heap   total 61440K, used 27589K [0x00000000c4400000, 0x0000000100000000)
  region size 1024K, 2 young (2048K), 1 survivors (1024K)
 Metaspace       used 7075K, committed 7232K, reserved 1114112K
  class space    used 732K, committed 832K, reserved 1048576K
}
Event: 1.861 GC heap after
{Heap after GC invocations=5 (full 0):
 garbage-first heap   total 61440K, used 25485K [0x00000000c4400000, 0x0000000100000000)
  region size 1024K, 1 young (1024K), 1 survivors (1024K)
 Metaspace       used 7075K, committed 7232K, reserved 1114112K
  class space    used 732K, committed 832K, reserved 1048576K
}
Event: 1.879 GC heap before
{Heap before GC invocations=5 (full 0):
 garbage-first heap   total 61440K, used 27533K [0x00000000c4400000, 0x0000000100000000)
  region size 1024K, 2 young (2048K), 1 survivors (1024K)
 Metaspace       used 7075K, committed 7232K, reserved 1114112K
  class space    used 732K, committed 832K, reserved 1048576K
}
Event: 1.880 GC heap after
{Heap after GC invocations=6 (full 0):
 garbage-first heap   total 61440K, used 19325K [0x00000000c4400000, 0x0000000100000000)
  region size 1024K, 1 young (1024K), 1 survivors (1024K)
 Metaspace       used 7075K, committed 7232K, reserved 1114112K
  class space    used 732K, committed 832K, reserved 1048576K
}
Event: 1.942 GC heap before
{Heap before GC invocations=6 (full 0):
 garbage-first heap   total 61440K, used 27517K [0x00000000c4400000, 0x0000000100000000)
  region size 1024K, 2 young (2048K), 1 survivors (1024K)
 Metaspace       used 7082K, committed 7232K, reserved 1114112K
  class space    used 732K, committed 832K, reserved 1048576K
}

Dll operation events (10 events):
Event: 0.021 Loaded shared library C:\Program Files\Java\jdk-21\bin\java.dll
Event: 0.069 Loaded shared library C:\Program Files\Java\jdk-21\bin\jsvml.dll
Event: 0.107 Loaded shared library C:\Program Files\Java\jdk-21\bin\net.dll
Event: 0.109 Loaded shared library C:\Program Files\Java\jdk-21\bin\nio.dll
Event: 0.141 Loaded shared library C:\Program Files\Java\jdk-21\bin\zip.dll
Event: 0.156 Loaded shared library C:\Program Files\Java\jdk-21\bin\jimage.dll
Event: 0.286 Loaded shared library C:\Program Files\Java\jdk-21\bin\awt.dll
Event: 0.670 Loaded shared library C:\Program Files\Java\jdk-21\bin\javajpeg.dll
Event: 0.844 Loaded shared library C:\Program Files\Java\jdk-21\bin\freetype.dll
Event: 0.845 Loaded shared library C:\Program Files\Java\jdk-21\bin\fontmanager.dll

Deoptimization events (20 events):
Event: 0.854 Thread 0x0000027eace68da0 Uncommon trap: trap_request=0xffffff45 fr.pc=0x0000027ebe7f1174 relative=0x00000000000001d4
Event: 0.854 Thread 0x0000027eace68da0 Uncommon trap: reason=unstable_if action=reinterpret pc=0x0000027ebe7f1174 method=java.lang.StringUTF16.compress([CI[BII)I @ 20 c2
Event: 0.854 Thread 0x0000027eace68da0 DEOPT PACKING pc=0x0000027ebe7f1174 sp=0x000000a5216fdcc0
Event: 0.854 Thread 0x0000027eace68da0 DEOPT UNPACKING pc=0x0000027ebe277da2 sp=0x000000a5216fdc30 mode 2
Event: 1.108 Thread 0x0000027f104a7670 Uncommon trap: trap_request=0xffffffde fr.pc=0x0000027ebe7f1fa4 relative=0x00000000000002c4
Event: 1.108 Thread 0x0000027f104a7670 Uncommon trap: reason=class_check action=maybe_recompile pc=0x0000027ebe7f1fa4 method=java.util.HashMap.getNode(Ljava/lang/Object;)Ljava/util/HashMap$Node; @ 63 c2
Event: 1.108 Thread 0x0000027f104a7670 DEOPT PACKING pc=0x0000027ebe7f1fa4 sp=0x000000a5230fd720
Event: 1.108 Thread 0x0000027f104a7670 DEOPT UNPACKING pc=0x0000027ebe277da2 sp=0x000000a5230fd688 mode 2
Event: 1.124 Thread 0x0000027f104a7670 Uncommon trap: trap_request=0xffffffde fr.pc=0x0000027ebe7f1fa4 relative=0x00000000000002c4
Event: 1.124 Thread 0x0000027f104a7670 Uncommon trap: reason=class_check action=maybe_recompile pc=0x0000027ebe7f1fa4 method=java.util.HashMap.getNode(Ljava/lang/Object;)Ljava/util/HashMap$Node; @ 63 c2
Event: 1.124 Thread 0x0000027f104a7670 DEOPT PACKING pc=0x0000027ebe7f1fa4 sp=0x000000a5230fd720
Event: 1.124 Thread 0x0000027f104a7670 DEOPT UNPACKING pc=0x0000027ebe277da2 sp=0x000000a5230fd688 mode 2
Event: 1.142 Thread 0x0000027f104a7670 Uncommon trap: trap_request=0xffffffde fr.pc=0x0000027ebe7f1fa4 relative=0x00000000000002c4
Event: 1.142 Thread 0x0000027f104a7670 Uncommon trap: reason=class_check action=maybe_recompile pc=0x0000027ebe7f1fa4 method=java.util.HashMap.getNode(Ljava/lang/Object;)Ljava/util/HashMap$Node; @ 63 c2
Event: 1.142 Thread 0x0000027f104a7670 DEOPT PACKING pc=0x0000027ebe7f1fa4 sp=0x000000a5230fd720
Event: 1.142 Thread 0x0000027f104a7670 DEOPT UNPACKING pc=0x0000027ebe277da2 sp=0x000000a5230fd688 mode 2
Event: 1.170 Thread 0x0000027f104a7670 Uncommon trap: trap_request=0xffffffde fr.pc=0x0000027ebe7f1fa4 relative=0x00000000000002c4
Event: 1.170 Thread 0x0000027f104a7670 Uncommon trap: reason=class_check action=maybe_recompile pc=0x0000027ebe7f1fa4 method=java.util.HashMap.getNode(Ljava/lang/Object;)Ljava/util/HashMap$Node; @ 63 c2
Event: 1.170 Thread 0x0000027f104a7670 DEOPT PACKING pc=0x0000027ebe7f1fa4 sp=0x000000a5230fd720
Event: 1.170 Thread 0x0000027f104a7670 DEOPT UNPACKING pc=0x0000027ebe277da2 sp=0x000000a5230fd688 mode 2

Classes loaded (20 events):
Event: 1.011 Loading class sun/font/CMap$CMapFormat4
Event: 1.011 Loading class sun/font/CMap$CMapFormat4 done
Event: 1.012 Loading class java/nio/ByteBufferAsCharBufferB
Event: 1.012 Loading class java/nio/ByteBufferAsCharBufferB done
Event: 1.013 Loading class jdk/internal/foreign/MemorySessionImpl
Event: 1.014 Loading class java/lang/foreign/MemorySegment$Scope
Event: 1.014 Loading class java/lang/foreign/MemorySegment$Scope done
Event: 1.014 Loading class jdk/internal/foreign/MemorySessionImpl done
Event: 1.018 Loading class sun/font/FontDesignMetrics$KeyReference
Event: 1.018 Loading class sun/font/FontDesignMetrics$KeyReference done
Event: 1.018 Loading class sun/awt/image/BufImgSurfaceManager
Event: 1.018 Loading class sun/awt/image/BufImgSurfaceManager done
Event: 1.824 Loading class java/awt/Cursor$CursorDisposer
Event: 1.825 Loading class java/awt/Cursor$CursorDisposer done
Event: 1.836 Loading class java/awt/event/MouseEvent$1
Event: 1.836 Loading class sun/awt/AWTAccessor$MouseEventAccessor
Event: 1.837 Loading class sun/awt/AWTAccessor$MouseEventAccessor done
Event: 1.837 Loading class java/awt/event/MouseEvent$1 done
Event: 1.844 Loading class java/awt/event/MouseWheelEvent
Event: 1.844 Loading class java/awt/event/MouseWheelEvent done

Classes unloaded (0 events):
No events

Classes redefined (0 events):
No events

Internal exceptions (15 events):
Event: 0.110 Thread 0x0000027eace68da0 Exception <a 'sun/nio/fs/WindowsException'{0x00000000c7e77a10}> (0x00000000c7e77a10) 
thrown [s\open\src\hotspot\share\prims\jni.cpp, line 520]
Event: 0.113 Thread 0x0000027eace68da0 Exception <a 'sun/nio/fs/WindowsException'{0x00000000c7e7a6d0}> (0x00000000c7e7a6d0) 
thrown [s\open\src\hotspot\share\prims\jni.cpp, line 520]
Event: 0.113 Thread 0x0000027eace68da0 Exception <a 'sun/nio/fs/WindowsException'{0x00000000c7e7b2c8}> (0x00000000c7e7b2c8) 
thrown [s\open\src\hotspot\share\prims\jni.cpp, line 520]
Event: 0.172 Thread 0x0000027eace68da0 Exception <a 'java/lang/ClassNotFoundException'{0x00000000c7d851d0}: sun/awt/resources/spi/awtProvider> (0x00000000c7d851d0) 
thrown [s\open\src\hotspot\share\classfile\systemDictionary.cpp, line 312]
Event: 0.311 Thread 0x0000027eace68da0 Exception <a 'java/io/FileNotFoundException'{0x00000000c7dda720}> (0x00000000c7dda720) 
thrown [s\open\src\hotspot\share\prims\jni.cpp, line 520]
Event: 0.336 Thread 0x0000027eace68da0 Exception <a 'java/io/FileNotFoundException'{0x00000000c7c04b88}> (0x00000000c7c04b88) 
thrown [s\open\src\hotspot\share\prims\jni.cpp, line 520]
Event: 0.507 Thread 0x0000027eace68da0 Exception <a 'java/lang/NoSuchMethodError'{0x00000000c7b14f30}: 'void java.lang.invoke.DirectMethodHandle$Holder.invokeSpecial(java.lang.Object, java.lang.Object, java.lang.Object)'> (0x00000000c7b14f30) 
thrown [s\open\src\hotspot\share\interpreter\linkResolver.cpp, line 773]
Event: 0.518 Thread 0x0000027eace68da0 Exception <a 'java/lang/NoSuchMethodError'{0x00000000c7b3a990}: 'java.lang.Object java.lang.invoke.DirectMethodHandle$Holder.newInvokeSpecial(java.lang.Object, java.lang.Object, java.lang.Object, java.lang.Object, java.lang.Object)'> (0x00000000c7b3a990) 
thrown [s\open\src\hotspot\share\interpreter\linkResolver.cpp, line 773]
Event: 0.527 Thread 0x0000027eace68da0 Exception <a 'java/lang/NoSuchMethodError'{0x00000000c7b66768}: 'java.lang.Object java.lang.invoke.DirectMethodHandle$Holder.invokeStatic(java.lang.Object, int, java.lang.Object)'> (0x00000000c7b66768) 
thrown [s\open\src\hotspot\share\interpreter\linkResolver.cpp, line 773]
Event: 0.570 Thread 0x0000027eace68da0 Exception <a 'java/lang/ClassNotFoundException'{0x00000000c7a06650}: com/sun/swing/internal/plaf/metal/resources/spi/metalProvider> (0x00000000c7a06650) 
thrown [s\open\src\hotspot\share\classfile\systemDictionary.cpp, line 312]
Event: 0.571 Thread 0x0000027eace68da0 Exception <a 'java/lang/ClassNotFoundException'{0x00000000c7a0a600}: com/sun/swing/internal/plaf/basic/resources/spi/basicProvider> (0x00000000c7a0a600) 
thrown [s\open\src\hotspot\share\classfile\systemDictionary.cpp, line 312]
Event: 0.583 Thread 0x0000027eace68da0 Exception <a 'java/lang/NoSuchMethodError'{0x00000000c7a297d8}: 'int java.lang.invoke.Invokers$Holder.invokeExact_MT(java.lang.Object, java.lang.Object)'> (0x00000000c7a297d8) 
thrown [s\open\src\hotspot\share\interpreter\linkResolver.cpp, line 773]
Event: 0.671 Thread 0x0000027ec9974f10 Exception <a 'java/lang/NoSuchMethodError'{0x00000000c79e6370}: 'java.lang.Object java.lang.invoke.DirectMethodHandle$Holder.newInvokeSpecial(java.lang.Object, java.lang.Object, java.lang.Object, int, int, int, int, int)'> (0x00000000c79e6370) 
thrown [s\open\src\hotspot\share\interpreter\linkResolver.cpp, line 773]
Event: 0.839 Thread 0x0000027eace68da0 Exception <a 'java/lang/NoSuchMethodError'{0x00000000c7c5eee8}: 'void java.lang.invoke.DirectMethodHandle$Holder.invokeStaticInit(java.lang.Object)'> (0x00000000c7c5eee8) 
thrown [s\open\src\hotspot\share\interpreter\linkResolver.cpp, line 773]
Event: 0.914 Thread 0x0000027ec9974880 Exception <a 'java/lang/NoSuchMethodError'{0x00000000c798ecd8}: 'void java.lang.invoke.DirectMethodHandle$Holder.invokeVirtual(java.lang.Object, java.lang.Object)'> (0x00000000c798ecd8) 
thrown [s\open\src\hotspot\share\interpreter\linkResolver.cpp, line 773]

ZGC Phase Switch (0 events):
No events

VM Operations (20 events):
Event: 0.652 Executing VM operation: HandshakeAllThreads (Deoptimize) done
Event: 0.737 Executing VM operation: G1CollectForAllocation (G1 Evacuation Pause)
Event: 0.743 Executing VM operation: G1CollectForAllocation (G1 Evacuation Pause) done
Event: 0.762 Executing VM operation: HandshakeAllThreads (Deoptimize)
Event: 0.762 Executing VM operation: HandshakeAllThreads (Deoptimize) done
Event: 0.827 Executing VM operation: HandshakeAllThreads (Deoptimize)
Event: 0.827 Executing VM operation: HandshakeAllThreads (Deoptimize) done
Event: 1.770 Executing VM operation: G1TryInitiateConcMark (G1 Humongous Allocation)
Event: 1.776 Executing VM operation: G1TryInitiateConcMark (G1 Humongous Allocation) done
Event: 1.780 Executing VM operation: G1PauseRemark
Event: 1.781 Executing VM operation: G1PauseRemark done
Event: 1.783 Executing VM operation: G1PauseCleanup
Event: 1.783 Executing VM operation: G1PauseCleanup done
Event: 1.792 Executing VM operation: G1TryInitiateConcMark (G1 Humongous Allocation)
Event: 1.793 Executing VM operation: G1TryInitiateConcMark (G1 Humongous Allocation) done
Event: 1.860 Executing VM operation: G1TryInitiateConcMark (G1 Humongous Allocation)
Event: 1.861 Executing VM operation: G1TryInitiateConcMark (G1 Humongous Allocation) done
Event: 1.879 Executing VM operation: G1TryInitiateConcMark (G1 Humongous Allocation)
Event: 1.880 Executing VM operation: G1TryInitiateConcMark (G1 Humongous Allocation) done
Event: 1.942 Executing VM operation: G1TryInitiateConcMark (G1 Humongous Allocation)

Events (17 events):
Event: 0.041 Thread 0x0000027eace68da0 Thread added: 0x0000027eace68da0
Event: 0.065 Thread 0x0000027ec996b100 Thread added: 0x0000027ec996b100
Event: 0.065 Thread 0x0000027ec996c4e0 Thread added: 0x0000027ec996c4e0
Event: 0.066 Thread 0x0000027ec996f040 Thread added: 0x0000027ec996f040
Event: 0.066 Thread 0x0000027ec99727b0 Thread added: 0x0000027ec99727b0
Event: 0.066 Thread 0x0000027ec9972e40 Thread added: 0x0000027ec9972e40
Event: 0.066 Thread 0x0000027ec99741f0 Thread added: 0x0000027ec99741f0
Event: 0.066 Thread 0x0000027ec9988140 Thread added: 0x0000027ec9988140
Event: 0.066 Thread 0x0000027ec998e4b0 Thread added: 0x0000027ec998e4b0
Event: 0.091 Thread 0x0000027ec9971a90 Thread added: 0x0000027ec9971a90
Event: 0.130 Thread 0x0000027ec99734d0 Thread added: 0x0000027ec99734d0
Event: 0.442 Thread 0x0000027ec9972120 Thread added: 0x0000027ec9972120
Event: 0.444 Thread 0x0000027ec9973b60 Thread added: 0x0000027ec9973b60
Event: 0.446 Thread 0x0000027ec9974880 Thread added: 0x0000027ec9974880
Event: 0.593 Thread 0x0000027ec9974f10 Thread added: 0x0000027ec9974f10
Event: 0.814 Thread 0x0000027f104a8a20 Thread added: 0x0000027f104a8a20
Event: 0.883 Thread 0x0000027f104a7670 Thread added: 0x0000027f104a7670


Dynamic libraries:
0x00007ff684990000 - 0x00007ff6849a0000 	C:\Program Files\Java\jdk-21\bin\java.exe
0x00007ffbfecc0000 - 0x00007ffbfef23000 	C:\WINDOWS\SYSTEM32\ntdll.dll
0x00007ffbfd930000 - 0x00007ffbfd9f8000 	C:\WINDOWS\System32\KERNEL32.DLL
0x00007ffbfc550000 - 0x00007ffbfc902000 	C:\WINDOWS\System32\KERNELBASE.dll
0x00007ffbfc3d0000 - 0x00007ffbfc51b000 	C:\WINDOWS\System32\ucrtbase.dll
0x00007ffbe36e0000 - 0x00007ffbe36f9000 	C:\Program Files\Java\jdk-21\bin\jli.dll
0x00007ffbe7a40000 - 0x00007ffbe7a5b000 	C:\Program Files\Java\jdk-21\bin\VCRUNTIME140.dll
0x00007ffbfe430000 - 0x00007ffbfe4e4000 	C:\WINDOWS\System32\ADVAPI32.dll
0x00007ffbfd400000 - 0x00007ffbfd4a9000 	C:\WINDOWS\System32\msvcrt.dll
0x00007ffbfd350000 - 0x00007ffbfd3f6000 	C:\WINDOWS\System32\sechost.dll
0x00007ffbfe310000 - 0x00007ffbfe426000 	C:\WINDOWS\System32\RPCRT4.dll
0x00007ffbfcd50000 - 0x00007ffbfcf18000 	C:\WINDOWS\System32\USER32.dll
0x00007ffbfc520000 - 0x00007ffbfc547000 	C:\WINDOWS\System32\win32u.dll
0x00007ffbfd150000 - 0x00007ffbfd17a000 	C:\WINDOWS\System32\GDI32.dll
0x00007ffbfc2a0000 - 0x00007ffbfc3cb000 	C:\WINDOWS\System32\gdi32full.dll
0x00007ffbe2820000 - 0x00007ffbe2ab0000 	C:\WINDOWS\WinSxS\amd64_microsoft.windows.common-controls_6595b64144ccf1df_6.0.26100.2454_none_3e0b68a2e331ad60\COMCTL32.dll
0x00007ffbfca70000 - 0x00007ffbfcb13000 	C:\WINDOWS\System32\msvcp_win.dll
0x00007ffbe7f20000 - 0x00007ffbe7f2b000 	C:\WINDOWS\SYSTEM32\VERSION.dll
0x00007ffbfd110000 - 0x00007ffbfd13f000 	C:\WINDOWS\System32\IMM32.DLL
0x00007ffbe6780000 - 0x00007ffbe678c000 	C:\Program Files\Java\jdk-21\bin\vcruntime140_1.dll
0x00007ffbce4d0000 - 0x00007ffbce55e000 	C:\Program Files\Java\jdk-21\bin\msvcp140.dll
0x00007ffb5ea50000 - 0x00007ffb5f763000 	C:\Program Files\Java\jdk-21\bin\server\jvm.dll
0x00007ffbfd4c0000 - 0x00007ffbfd534000 	C:\WINDOWS\System32\WS2_32.dll
0x00007ffbfbf20000 - 0x00007ffbfbf6e000 	C:\WINDOWS\SYSTEM32\POWRPROF.dll
0x00007ffbee820000 - 0x00007ffbee856000 	C:\WINDOWS\SYSTEM32\WINMM.dll
0x00007ffbfbf00000 - 0x00007ffbfbf14000 	C:\WINDOWS\SYSTEM32\UMPDC.dll
0x00007ffbfaed0000 - 0x00007ffbfaeea000 	C:\WINDOWS\SYSTEM32\kernel.appcore.dll
0x00007ffbe4cc0000 - 0x00007ffbe4cca000 	C:\Program Files\Java\jdk-21\bin\jimage.dll
0x00007ffbf9850000 - 0x00007ffbf9a91000 	C:\WINDOWS\SYSTEM32\DBGHELP.DLL
0x00007ffbfd540000 - 0x00007ffbfd8be000 	C:\WINDOWS\System32\combase.dll
0x00007ffbfe4f0000 - 0x00007ffbfe5c6000 	C:\WINDOWS\System32\OLEAUT32.dll
0x00007ffbd9450000 - 0x00007ffbd9489000 	C:\WINDOWS\SYSTEM32\dbgcore.DLL
0x00007ffbfc9d0000 - 0x00007ffbfca69000 	C:\WINDOWS\System32\bcryptPrimitives.dll
0x00007ffbe4cd0000 - 0x00007ffbe4cef000 	C:\Program Files\Java\jdk-21\bin\java.dll
0x00007ffbfda10000 - 0x00007ffbfe111000 	C:\WINDOWS\System32\SHELL32.dll
0x00007ffbf9d70000 - 0x00007ffbfa5a1000 	C:\WINDOWS\SYSTEM32\windows.storage.dll
0x00007ffbfe1b0000 - 0x00007ffbfe28a000 	C:\WINDOWS\System32\SHCORE.dll
0x00007ffbfccf0000 - 0x00007ffbfcd4d000 	C:\WINDOWS\System32\shlwapi.dll
0x00007ffbfbfa0000 - 0x00007ffbfbfce000 	C:\WINDOWS\SYSTEM32\profapi.dll
0x00007ffbd8e20000 - 0x00007ffbd8ef7000 	C:\Program Files\Java\jdk-21\bin\jsvml.dll
0x00007ffbe4cb0000 - 0x00007ffbe4cc0000 	C:\Program Files\Java\jdk-21\bin\net.dll
0x00007ffbf1620000 - 0x00007ffbf1746000 	C:\WINDOWS\SYSTEM32\WINHTTP.dll
0x00007ffbfb3d0000 - 0x00007ffbfb438000 	C:\WINDOWS\system32\mswsock.dll
0x00007ffbe4c90000 - 0x00007ffbe4ca6000 	C:\Program Files\Java\jdk-21\bin\nio.dll
0x00007ffbe4c60000 - 0x00007ffbe4c78000 	C:\Program Files\Java\jdk-21\bin\zip.dll
0x00007ffba6c10000 - 0x00007ffba6d9f000 	C:\Program Files\Java\jdk-21\bin\awt.dll
0x00007ffbf3df0000 - 0x00007ffbf3e8c000 	C:\WINDOWS\SYSTEM32\apphelp.dll
0x00007ffbf9020000 - 0x00007ffbf904e000 	C:\WINDOWS\system32\DWMAPI.DLL
0x00007ffbf8d20000 - 0x00007ffbf8dcd000 	C:\WINDOWS\system32\uxtheme.dll
0x00007ffbc7880000 - 0x00007ffbc798c000 	C:\WINDOWS\system32\opengl32.dll
0x00007ffbe1bb0000 - 0x00007ffbe1bdd000 	C:\WINDOWS\SYSTEM32\GLU32.dll
0x00007ffbf8e80000 - 0x00007ffbf8ec7000 	C:\WINDOWS\SYSTEM32\dxcore.dll
0x00007ffbfe5d0000 - 0x00007ffbfe72c000 	C:\WINDOWS\System32\MSCTF.dll
0x00007ffbfcb50000 - 0x00007ffbfcce9000 	C:\WINDOWS\System32\ole32.dll
0x00007ffbce1d0000 - 0x00007ffbce1fe000 	C:\Program Files\Java\jdk-21\bin\javajpeg.dll
0x00007ffbbc810000 - 0x00007ffbbc897000 	C:\Program Files\Java\jdk-21\bin\freetype.dll
0x00007ffba6fe0000 - 0x00007ffba70c1000 	C:\Program Files\Java\jdk-21\bin\fontmanager.dll
0x00007ffbe4330000 - 0x00007ffbe4476000 	C:\WINDOWS\SYSTEM32\textinputframework.dll
0x00007ffbf3670000 - 0x00007ffbf3795000 	C:\WINDOWS\SYSTEM32\CoreMessaging.dll
0x00007ffbf0830000 - 0x00007ffbf0b13000 	C:\WINDOWS\SYSTEM32\CoreUIComponents.dll
0x00007ffbf3f40000 - 0x00007ffbf40a8000 	C:\WINDOWS\SYSTEM32\wintypes.dll
0x00007ffbfb670000 - 0x00007ffbfb67c000 	C:\WINDOWS\SYSTEM32\CRYPTBASE.DLL

dbghelp: loaded successfully - version: 4.0.5 - missing functions: none
symbol engine: initialized successfully - sym options: 0x614 - pdb path: .;C:\Program Files\Java\jdk-21\bin;C:\WINDOWS\SYSTEM32;C:\WINDOWS\WinSxS\amd64_microsoft.windows.common-controls_6595b64144ccf1df_6.0.26100.2454_none_3e0b68a2e331ad60;C:\Program Files\Java\jdk-21\bin\server

VM Arguments:
jvm_args: -Dfile.encoding=UTF-8 --module-path=C:\Users\Inspiron 3501\OneDrive\Documents\NetBeansProjects\Travel Management System\build\classes 
java_command: travel.management.system.Splash
java_class_path (initial): C:\Users\Inspiron 3501\Downloads\mysql-connector-java-8.0.28.jar;C:\Users\Inspiron 3501\Downloads\rs2xml.jar;C:\Users\Inspiron 3501\OneDrive\Documents\NetBeansProjects\Travel Management System\build\classes
Launcher Type: SUN_STANDARD

[Global flags]
     intx CICompilerCount                          = 3                                         {product} {ergonomic}
     uint ConcGCThreads                            = 1                                         {product} {ergonomic}
     uint G1ConcRefinementThreads                  = 4                                         {product} {ergonomic}
   size_t G1HeapRegionSize                         = 1048576                                   {product} {ergonomic}
    uintx GCDrainStackTargetSize                   = 64                                        {product} {ergonomic}
   size_t InitialHeapSize                          = 62914560                                  {product} {ergonomic}
   size_t MarkStackSize                            = 4194304                                   {product} {ergonomic}
   size_t MaxHeapSize                              = 1002438656                                {product} {ergonomic}
   size_t MaxNewSize                               = 600834048                                 {product} {ergonomic}
   size_t MinHeapDeltaBytes                        = 1048576                                   {product} {ergonomic}
   size_t MinHeapSize                              = 8388608                                   {product} {ergonomic}
    uintx NonNMethodCodeHeapSize                   = 5832780                                {pd product} {ergonomic}
    uintx NonProfiledCodeHeapSize                  = 122912730                              {pd product} {ergonomic}
    uintx ProfiledCodeHeapSize                     = 122912730                              {pd product} {ergonomic}
    uintx ReservedCodeCacheSize                    = 251658240                              {pd product} {ergonomic}
     bool SegmentedCodeCache                       = true                                      {product} {ergonomic}
   size_t SoftMaxHeapSize                          = 1002438656                             {manageable} {ergonomic}
     bool UseCompressedOops                        = true                           {product lp64_product} {ergonomic}
     bool UseG1GC                                  = true                                      {product} {ergonomic}
     bool UseLargePagesIndividualAllocation        = false                                  {pd product} {ergonomic}

Logging:
Log output configuration:
 #0: stdout all=warning uptime,level,tags foldmultilines=false
 #1: stderr all=off uptime,level,tags foldmultilines=false

Environment Variables:
PATH=C:\Program Files\Common Files\Oracle\Java\javapath;C:\oraclexe\app\oracle\product\11.2.0\server\bin;C:\WINDOWS\system32;C:\WINDOWS;C:\WINDOWS\System32\Wbem;C:\WINDOWS\System32\WindowsPowerShell\v1.0\;C:\WINDOWS\System32\OpenSSH\;C:\Program Files\Python39;C:\Program Files\dotnet\;C:\Program Files\nodejs\;C:\Program Files\Java\jdk-21\bin;C:\Program Files\MySQL\MySQL Shell 8.0\bin\;C:\Users\Inspiron 3501\AppData\Local\Microsoft\WindowsApps;C:\Program Files\Python39;C:\Program Files\Python39\Scripts;C:\Users\Inspiron 3501\AppData\Local\Programs\Microsoft VS Code\bin;C:\Users\Inspiron 3501\AppData\Roaming\npm;C:\Program Files\JetBrains\IntelliJ IDEA 2024.1.4\bin;;C:\Program Files\JetBrains\IntelliJ IDEA Community Edition 2024.2.0.2\bin;;
USERNAME=Inspiron 3501
OS=Windows_NT
PROCESSOR_IDENTIFIER=Intel64 Family 6 Model 140 Stepping 1, GenuineIntel
TMP=C:\Users\Inspiron 3501\AppData\Local\Temp
TEMP=C:\Users\Inspiron 3501\AppData\Local\Temp




Periodic native trim disabled

---------------  S Y S T E M  ---------------

OS:
 Windows 11 , 64 bit Build 26100 (10.0.26100.2454)
OS uptime: 1 days 2:39 hours
Hyper-V role detected

CPU: total 4 (initial active 4) (2 cores per cpu, 2 threads per core) family 6 model 140 stepping 1 microcode 0xb8, cx8, cmov, fxsr, ht, mmx, 3dnowpref, sse, sse2, sse3, ssse3, sse4.1, sse4.2, popcnt, lzcnt, tsc, tscinvbit, avx, avx2, aes, erms, clmul, bmi1, bmi2, adx, avx512f, avx512dq, avx512cd, avx512bw, avx512vl, sha, fma, vzeroupper, avx512_vpopcntdq, avx512_vpclmulqdq, avx512_vaes, avx512_vnni, clflush, clflushopt, clwb, avx512_vbmi2, avx512_vbmi, hv, rdtscp, rdpid, fsrm, gfni, avx512_bitalg, f16c, cet_ibt, cet_ss, avx512_ifma
Processor Information for all 4 processors :
  Max Mhz: 2995, Current Mhz: 2995, Mhz Limit: 2995

Memory: 4k page, system-wide physical 3818M (222M free)
TotalPageFile size 15594M (AvailPageFile size 12M)
current process WorkingSet (physical memory assigned to process): 109M, peak: 110M
current process commit charge ("private bytes"): 150M, peak: 182M

vm_info: Java HotSpot(TM) 64-Bit Server VM (21.0.4+8-LTS-274) for windows-amd64 JRE (21.0.4+8-LTS-274), built on 2024-06-05T05:23:33Z by "mach5one" with MS VC++ 17.6 (VS2022)

END.
