#
# There is insufficient memory for the Java Runtime Environment to continue.
# Native memory allocation (mmap) failed to map 62914560 bytes for G1 virtual space
# Possible reasons:
#   The system is out of physical RAM or swap space
#   The process is running with CompressedOops enabled, and the Java Heap may be blocking the growth of the native heap
# Possible solutions:
#   Reduce memory load on the system
#   Increase physical memory or swap space
#   Check if swap backing store is full
#   Decrease Java heap size (-Xmx/-Xms)
#   Decrease number of Java threads
#   Decrease Java thread stack sizes (-Xss)
#   Set larger code cache with -XX:ReservedCodeCacheSize=
#   JVM is running with Unscaled Compressed Oops mode in which the Java heap is
#     placed in the first 4GB address space. The Java Heap base address is the
#     maximum limit for the native heap growth. Please use -XX:HeapBaseMinAddress
#     to set the Java Heap base and to place the Java Heap above 4GB virtual address.
# This output file may be truncated or incomplete.
#
#  Out of Memory Error (os_windows.cpp:3600), pid=14444, tid=17336
#
# JRE version:  (21.0.4+8) (build )
# Java VM: Java HotSpot(TM) 64-Bit Server VM (21.0.4+8-LTS-274, mixed mode, sharing, tiered, compressed oops, compressed class ptrs, g1 gc, windows-amd64)
# No core dump will be written. Minidumps are not enabled by default on client versions of Windows
#

---------------  S U M M A R Y ------------

Command Line: -Dfile.encoding=UTF-8 --module-path=C:\Users\Inspiron 3501\OneDrive\Documents\NetBeansProjects\Travel Management System\build\classes travel.management.system.ForgotPassword

Host: 11th Gen Intel(R) Core(TM) i3-1115G4 @ 3.00GHz, 4 cores, 3G,  Windows 11 , 64 bit Build 26100 (10.0.26100.2454)
Time: Fri Jan 31 20:13:46 2025 India Standard Time elapsed time: 0.022833 seconds (0d 0h 0m 0s)

---------------  T H R E A D  ---------------

Current thread (0x0000017854f791a0):  JavaThread "Unknown thread" [_thread_in_vm, id=17336, stack(0x00000019ea600000,0x00000019ea700000) (1024K)]

Stack: [0x00000019ea600000,0x00000019ea700000]
Native frames: (J=compiled Java code, j=interpreted, Vv=VM code, C=native code)
V  [jvm.dll+0x6c8e59]
V  [jvm.dll+0x853181]
V  [jvm.dll+0x8556ae]
V  [jvm.dll+0x855d83]
V  [jvm.dll+0x27d526]
V  [jvm.dll+0x6c55f5]
V  [jvm.dll+0x6ba17a]
V  [jvm.dll+0x352a8a]
V  [jvm.dll+0x35a6e6]
V  [jvm.dll+0x3acdae]
V  [jvm.dll+0x3ad058]
V  [jvm.dll+0x326dec]
V  [jvm.dll+0x32794b]
V  [jvm.dll+0x81c569]
V  [jvm.dll+0x3b9a11]
V  [jvm.dll+0x805948]
V  [jvm.dll+0x44ec5e]
V  [jvm.dll+0x450851]
C  [jli.dll+0x52a3]
C  [ucrtbase.dll+0x14ea0]
C  [KERNEL32.DLL+0x2e8d7]
C  [ntdll.dll+0xdfbcc]


---------------  P R O C E S S  ---------------

Threads class SMR info:
_java_thread_list=0x00007ffb5f616c08, length=0, elements={
}

Java Threads: ( => current thread )
Total: 0

Other Threads:
  0x0000017852d8e9b0 WorkerThread "GC Thread#0"                     [id=2248, stack(0x00000019ea700000,0x00000019ea800000) (1024K)]
  0x0000017854fb2e80 ConcurrentGCThread "G1 Main Marker"            [id=14712, stack(0x00000019ea800000,0x00000019ea900000) (1024K)]
  0x0000017852d8e270 WorkerThread "G1 Conc#0"                       [id=14008, stack(0x00000019ea900000,0x00000019eaa00000) (1024K)]

[error occurred during error reporting (printing all threads), id 0xc0000005, EXCEPTION_ACCESS_VIOLATION (0xc0000005) at pc=0x00007ffb5ed89577]
VM state: not at safepoint (not fully initialized)

VM Mutex/Monitor currently owned by a thread:  ([mutex/lock_event])
[0x00007ffb5f687f98] Heap_lock - owner thread: 0x0000017854f791a0

Heap address: 0x00000000c4400000, size: 956 MB, Compressed Oops mode: 32-bit

CDS archive(s) mapped at: [0x0000000000000000-0x0000000000000000-0x0000000000000000), size 0, SharedBaseAddress: 0x0000000800000000, ArchiveRelocationMode: 1.
Narrow klass base: 0x0000000000000000, Narrow klass shift: 0, Narrow klass range: 0x0

GC Precious Log:
 CardTable entry size: 512
 Card Set container configuration: InlinePtr #cards 5 size 8 Array Of Cards #cards 12 size 40 Howl #buckets 4 coarsen threshold 1843 Howl Bitmap #cards 512 size 80 coarsen threshold 460 Card regions per heap region 1 cards per card region 2048

Heap:
 garbage-first heap   total 0K, used 0K [0x00000000c4400000, 0x0000000100000000)
  region size 1024K, 0 young (0K), 0 survivors (0K)

[error occurred during error reporting (printing heap information), id 0xc0000005, EXCEPTION_ACCESS_VIOLATION (0xc0000005) at pc=0x00007ffb5f171df9]
GC Heap History (0 events):
No events

Dll operation events (1 events):
Event: 0.009 Loaded shared library C:\Program Files\Java\jdk-21\bin\java.dll

Deoptimization events (0 events):
No events

Classes loaded (0 events):
No events

Classes unloaded (0 events):
No events

Classes redefined (0 events):
No events

Internal exceptions (0 events):
No events

ZGC Phase Switch (0 events):
No events

VM Operations (0 events):
No events

Events (0 events):
No events


Dynamic libraries:
0x00007ff684990000 - 0x00007ff6849a0000 	C:\Program Files\Java\jdk-21\bin\java.exe
0x00007ffbfecc0000 - 0x00007ffbfef23000 	C:\WINDOWS\SYSTEM32\ntdll.dll
0x00007ffbfd930000 - 0x00007ffbfd9f8000 	C:\WINDOWS\System32\KERNEL32.DLL
0x00007ffbfc550000 - 0x00007ffbfc902000 	C:\WINDOWS\System32\KERNELBASE.dll
0x00007ffbfc3d0000 - 0x00007ffbfc51b000 	C:\WINDOWS\System32\ucrtbase.dll
0x00007ffbe36e0000 - 0x00007ffbe36f9000 	C:\Program Files\Java\jdk-21\bin\jli.dll
0x00007ffbe7a40000 - 0x00007ffbe7a5b000 	C:\Program Files\Java\jdk-21\bin\VCRUNTIME140.dll
0x00007ffbfe430000 - 0x00007ffbfe4e4000 	C:\WINDOWS\System32\ADVAPI32.dll
0x00007ffbfd400000 - 0x00007ffbfd4a9000 	C:\WINDOWS\System32\msvcrt.dll
0x00007ffbfd350000 - 0x00007ffbfd3f6000 	C:\WINDOWS\System32\sechost.dll
0x00007ffbfe310000 - 0x00007ffbfe426000 	C:\WINDOWS\System32\RPCRT4.dll
0x00007ffbfcd50000 - 0x00007ffbfcf18000 	C:\WINDOWS\System32\USER32.dll
0x00007ffbfc520000 - 0x00007ffbfc547000 	C:\WINDOWS\System32\win32u.dll
0x00007ffbe2820000 - 0x00007ffbe2ab0000 	C:\WINDOWS\WinSxS\amd64_microsoft.windows.common-controls_6595b64144ccf1df_6.0.26100.2454_none_3e0b68a2e331ad60\COMCTL32.dll
0x00007ffbfd150000 - 0x00007ffbfd17a000 	C:\WINDOWS\System32\GDI32.dll
0x00007ffbfc2a0000 - 0x00007ffbfc3cb000 	C:\WINDOWS\System32\gdi32full.dll
0x00007ffbfca70000 - 0x00007ffbfcb13000 	C:\WINDOWS\System32\msvcp_win.dll
0x00007ffbe7f20000 - 0x00007ffbe7f2b000 	C:\WINDOWS\SYSTEM32\VERSION.dll
0x00007ffbfd110000 - 0x00007ffbfd13f000 	C:\WINDOWS\System32\IMM32.DLL
0x00007ffbe6780000 - 0x00007ffbe678c000 	C:\Program Files\Java\jdk-21\bin\vcruntime140_1.dll
0x00007ffbce4d0000 - 0x00007ffbce55e000 	C:\Program Files\Java\jdk-21\bin\msvcp140.dll
0x00007ffb5ea50000 - 0x00007ffb5f763000 	C:\Program Files\Java\jdk-21\bin\server\jvm.dll
0x00007ffbfd4c0000 - 0x00007ffbfd534000 	C:\WINDOWS\System32\WS2_32.dll
0x00007ffbfbf20000 - 0x00007ffbfbf6e000 	C:\WINDOWS\SYSTEM32\POWRPROF.dll
0x00007ffbee820000 - 0x00007ffbee856000 	C:\WINDOWS\SYSTEM32\WINMM.dll
0x00007ffbfbf00000 - 0x00007ffbfbf14000 	C:\WINDOWS\SYSTEM32\UMPDC.dll
0x00007ffbfaed0000 - 0x00007ffbfaeea000 	C:\WINDOWS\SYSTEM32\kernel.appcore.dll
0x00007ffbe4cc0000 - 0x00007ffbe4cca000 	C:\Program Files\Java\jdk-21\bin\jimage.dll
0x00007ffbf9850000 - 0x00007ffbf9a91000 	C:\WINDOWS\SYSTEM32\DBGHELP.DLL
0x00007ffbfd540000 - 0x00007ffbfd8be000 	C:\WINDOWS\System32\combase.dll
0x00007ffbfe4f0000 - 0x00007ffbfe5c6000 	C:\WINDOWS\System32\OLEAUT32.dll
0x00007ffbd9450000 - 0x00007ffbd9489000 	C:\WINDOWS\SYSTEM32\dbgcore.DLL
0x00007ffbfc9d0000 - 0x00007ffbfca69000 	C:\WINDOWS\System32\bcryptPrimitives.dll
0x00007ffbe4cd0000 - 0x00007ffbe4cef000 	C:\Program Files\Java\jdk-21\bin\java.dll

dbghelp: loaded successfully - version: 4.0.5 - missing functions: none
symbol engine: initialized successfully - sym options: 0x614 - pdb path: .;C:\Program Files\Java\jdk-21\bin;C:\WINDOWS\SYSTEM32;C:\WINDOWS\WinSxS\amd64_microsoft.windows.common-controls_6595b64144ccf1df_6.0.26100.2454_none_3e0b68a2e331ad60;C:\Program Files\Java\jdk-21\bin\server

VM Arguments:
jvm_args: -Dfile.encoding=UTF-8 --module-path=C:\Users\Inspiron 3501\OneDrive\Documents\NetBeansProjects\Travel Management System\build\classes 
java_command: travel.management.system.ForgotPassword
java_class_path (initial): C:\Users\Inspiron 3501\Downloads\mysql-connector-java-8.0.28.jar;C:\Users\Inspiron 3501\Downloads\rs2xml.jar;C:\Users\Inspiron 3501\OneDrive\Documents\NetBeansProjects\Travel Management System\build\classes
Launcher Type: SUN_STANDARD

[Global flags]
     intx CICompilerCount                          = 3                                         {product} {ergonomic}
     uint ConcGCThreads                            = 1                                         {product} {ergonomic}
     uint G1ConcRefinementThreads                  = 4                                         {product} {ergonomic}
   size_t G1HeapRegionSize                         = 1048576                                   {product} {ergonomic}
    uintx GCDrainStackTargetSize                   = 64                                        {product} {ergonomic}
   size_t InitialHeapSize                          = 62914560                                  {product} {ergonomic}
   size_t MarkStackSize                            = 4194304                                   {product} {ergonomic}
   size_t MaxHeapSize                              = 1002438656                                {product} {ergonomic}
   size_t MinHeapDeltaBytes                        = 1048576                                   {product} {ergonomic}
   size_t MinHeapSize                              = 8388608                                   {product} {ergonomic}
    uintx NonNMethodCodeHeapSize                   = 5832780                                {pd product} {ergonomic}
    uintx NonProfiledCodeHeapSize                  = 122912730                              {pd product} {ergonomic}
    uintx ProfiledCodeHeapSize                     = 122912730                              {pd product} {ergonomic}
    uintx ReservedCodeCacheSize                    = 251658240                              {pd product} {ergonomic}
     bool SegmentedCodeCache                       = true                                      {product} {ergonomic}
   size_t SoftMaxHeapSize                          = 1002438656                             {manageable} {ergonomic}
     bool UseCompressedOops                        = true                           {product lp64_product} {ergonomic}
     bool UseG1GC                                  = true                                      {product} {ergonomic}
     bool UseLargePagesIndividualAllocation        = false                                  {pd product} {ergonomic}

Logging:
Log output configuration:
 #0: stdout all=warning uptime,level,tags foldmultilines=false
 #1: stderr all=off uptime,level,tags foldmultilines=false

Environment Variables:
PATH=C:\Program Files\Common Files\Oracle\Java\javapath;C:\oraclexe\app\oracle\product\11.2.0\server\bin;C:\WINDOWS\system32;C:\WINDOWS;C:\WINDOWS\System32\Wbem;C:\WINDOWS\System32\WindowsPowerShell\v1.0\;C:\WINDOWS\System32\OpenSSH\;C:\Program Files\Python39;C:\Program Files\dotnet\;C:\Program Files\nodejs\;C:\Program Files\Java\jdk-21\bin;C:\Program Files\MySQL\MySQL Shell 8.0\bin\;C:\Users\Inspiron 3501\AppData\Local\Microsoft\WindowsApps;C:\Program Files\Python39;C:\Program Files\Python39\Scripts;C:\Users\Inspiron 3501\AppData\Local\Programs\Microsoft VS Code\bin;C:\Users\Inspiron 3501\AppData\Roaming\npm;C:\Program Files\JetBrains\IntelliJ IDEA 2024.1.4\bin;;C:\Program Files\JetBrains\IntelliJ IDEA Community Edition 2024.2.0.2\bin;;
USERNAME=Inspiron 3501
OS=Windows_NT
PROCESSOR_IDENTIFIER=Intel64 Family 6 Model 140 Stepping 1, GenuineIntel
TMP=C:\Users\Inspiron 3501\AppData\Local\Temp
TEMP=C:\Users\Inspiron 3501\AppData\Local\Temp




Periodic native trim disabled

---------------  S Y S T E M  ---------------

OS:
 Windows 11 , 64 bit Build 26100 (10.0.26100.2454)
OS uptime: 1 days 2:19 hours
Hyper-V role detected

CPU: total 4 (initial active 4) (2 cores per cpu, 2 threads per core) family 6 model 140 stepping 1 microcode 0xb8, cx8, cmov, fxsr, ht, mmx, 3dnowpref, sse, sse2, sse3, ssse3, sse4.1, sse4.2, popcnt, lzcnt, tsc, tscinvbit, avx, avx2, aes, erms, clmul, bmi1, bmi2, adx, avx512f, avx512dq, avx512cd, avx512bw, avx512vl, sha, fma, vzeroupper, avx512_vpopcntdq, avx512_vpclmulqdq, avx512_vaes, avx512_vnni, clflush, clflushopt, clwb, avx512_vbmi2, avx512_vbmi, hv, rdtscp, rdpid, fsrm, gfni, avx512_bitalg, f16c, cet_ibt, cet_ss, avx512_ifma
Processor Information for all 4 processors :
  Max Mhz: 2995, Current Mhz: 2995, Mhz Limit: 2995

Memory: 4k page, system-wide physical 3818M (123M free)
TotalPageFile size 15594M (AvailPageFile size 23M)
current process WorkingSet (physical memory assigned to process): 12M, peak: 12M
current process commit charge ("private bytes"): 51M, peak: 111M

vm_info: Java HotSpot(TM) 64-Bit Server VM (21.0.4+8-LTS-274) for windows-amd64 JRE (21.0.4+8-LTS-274), built on 2024-06-05T05:23:33Z by "mach5one" with MS VC++ 17.6 (VS2022)

END.
